#
# There is insufficient memory for the Java Runtime Environment to continue.
# Native memory allocation (malloc) failed to allocate 32744 bytes for ChunkPool::allocate
# Possible reasons:
#   The system is out of physical RAM or swap space
#   In 32 bit mode, the process size limit was hit
# Possible solutions:
#   Reduce memory load on the system
#   Increase physical memory or swap space
#   Check if swap backing store is full
#   Use 64 bit Java on a 64 bit OS
#   Decrease Java heap size (-Xmx/-Xms)
#   Decrease number of Java threads
#   Decrease Java thread stack sizes (-Xss)
#   Set larger code cache with -XX:ReservedCodeCacheSize=
# This output file may be truncated or incomplete.
#
#  Out of Memory Error (allocation.cpp:273), pid=12800, tid=12596
#
# JRE version: Java(TM) SE Runtime Environment (8.0_31-b13) (build 1.8.0_31-b13)
# Java VM: Java HotSpot(TM) 64-Bit Server VM (25.31-b07 mixed mode windows-amd64 compressed oops)
# Failed to write core dump. Minidumps are not enabled by default on client versions of Windows
#

---------------  T H R E A D  ---------------

Current thread (0x00000000155a1000):  JavaThread "C1 CompilerThread2" daemon [_thread_in_native, id=12596, stack(0x0000000016ca0000,0x0000000016da0000)]

Stack: [0x0000000016ca0000,0x0000000016da0000]
Native frames: (J=compiled Java code, j=interpreted, Vv=VM code, C=native code)
V  [jvm.dll+0x3169ba]
V  [jvm.dll+0x2674c3]
V  [jvm.dll+0x268103]
V  [jvm.dll+0x25f8f5]
V  [jvm.dll+0xbed81]
V  [jvm.dll+0xbf4cc]
V  [jvm.dll+0x410cc0]
V  [jvm.dll+0x41928d]
V  [jvm.dll+0x420ff3]
V  [jvm.dll+0x416a20]
V  [jvm.dll+0x400bc0]
V  [jvm.dll+0x3ed8dd]
V  [jvm.dll+0x3edd50]
V  [jvm.dll+0x3ede82]
V  [jvm.dll+0x3ee04e]
V  [jvm.dll+0x3ee24f]
V  [jvm.dll+0x988e2]
V  [jvm.dll+0x990d3]
V  [jvm.dll+0x22c194]
V  [jvm.dll+0x28576a]
C  [msvcr100.dll+0x21d9f]
C  [msvcr100.dll+0x21e3b]
C  [KERNEL32.DLL+0x18102]
C  [ntdll.dll+0x5c5b4]


Current CompileTask:
C1:   1941  276   !   3       com.android.dx.cf.code.BytecodeArray::parseInstruction (2764 bytes)


---------------  P R O C E S S  ---------------

Java Threads: ( => current thread )
  0x0000000017216000 JavaThread "pool-2-thread-4" [_thread_blocked, id=11244, stack(0x0000000017880000,0x0000000017980000)]
  0x0000000017208000 JavaThread "pool-2-thread-3" [_thread_blocked, id=14292, stack(0x00000000176a0000,0x00000000177a0000)]
  0x000000001719e800 JavaThread "pool-2-thread-2" [_thread_blocked, id=124, stack(0x00000000175a0000,0x00000000176a0000)]
  0x00000000170e6000 JavaThread "pool-3-thread-1" [_thread_blocked, id=12076, stack(0x00000000174a0000,0x00000000175a0000)]
  0x00000000170e3000 JavaThread "pool-2-thread-1" [_thread_blocked, id=2696, stack(0x00000000173a0000,0x00000000174a0000)]
  0x00000000155ab800 JavaThread "Service Thread" daemon [_thread_blocked, id=5260, stack(0x0000000016da0000,0x0000000016ea0000)]
=>0x00000000155a1000 JavaThread "C1 CompilerThread2" daemon [_thread_in_native, id=12596, stack(0x0000000016ca0000,0x0000000016da0000)]
  0x0000000015550000 JavaThread "C2 CompilerThread1" daemon [_thread_in_native, id=32, stack(0x0000000016ba0000,0x0000000016ca0000)]
  0x000000001554d000 JavaThread "C2 CompilerThread0" daemon [_thread_in_native, id=7976, stack(0x0000000016aa0000,0x0000000016ba0000)]
  0x000000001554b800 JavaThread "Attach Listener" daemon [_thread_blocked, id=14600, stack(0x00000000169a0000,0x0000000016aa0000)]
  0x000000001554a800 JavaThread "Signal Dispatcher" daemon [_thread_blocked, id=12468, stack(0x00000000168a0000,0x00000000169a0000)]
  0x0000000002e75000 JavaThread "Finalizer" daemon [_thread_blocked, id=14356, stack(0x00000000167a0000,0x00000000168a0000)]
  0x0000000002e6c000 JavaThread "Reference Handler" daemon [_thread_blocked, id=13704, stack(0x00000000166a0000,0x00000000167a0000)]
  0x0000000002d7d800 JavaThread "main" [_thread_blocked, id=8908, stack(0x0000000002be0000,0x0000000002ce0000)]

Other Threads:
  0x0000000015516000 VMThread [stack: 0x00000000165a0000,0x00000000166a0000] [id=16192]
  0x00000000155ae800 WatcherThread [stack: 0x0000000016ea0000,0x0000000016fa0000] [id=10584]

VM state:at safepoint (normal execution)

VM Mutex/Monitor currently owned by a thread:  ([mutex/lock_event])
[0x0000000002d7c470] Threads_lock - owner thread: 0x0000000015516000
[0x0000000002d7cbf0] Heap_lock - owner thread: 0x00000000170e3000

Heap:
 PSYoungGen      total 18944K, used 2231K [0x00000000eab00000, 0x00000000ec000000, 0x0000000100000000)
  eden space 16384K, 0% used [0x00000000eab00000,0x00000000eab00000,0x00000000ebb00000)
  from space 2560K, 87% used [0x00000000ebb00000,0x00000000ebd2dd08,0x00000000ebd80000)
  to   space 2560K, 0% used [0x00000000ebd80000,0x00000000ebd80000,0x00000000ec000000)
 ParOldGen       total 44032K, used 8K [0x00000000c0000000, 0x00000000c2b00000, 0x00000000eab00000)
  object space 44032K, 0% used [0x00000000c0000000,0x00000000c0002000,0x00000000c2b00000)
 Metaspace       used 4752K, capacity 5872K, committed 6016K, reserved 1060864K
  class space    used 527K, capacity 552K, committed 640K, reserved 1048576K

Card table byte_map: [0x0000000012240000,0x0000000012450000] byte_map_base: 0x0000000011c40000

Marking Bits: (ParMarkBitMap*) 0x000000006afcd4f0
 Begin Bits: [0x00000000129b0000, 0x00000000139b0000)
 End Bits:   [0x00000000139b0000, 0x00000000149b0000)

Polling page: 0x0000000002ba0000

CodeCache: size=245760Kb used=1621Kb max_used=1632Kb free=244139Kb
 bounds [0x0000000002e80000, 0x00000000030f0000, 0x0000000011e80000]
 total_blobs=534 nmethods=277 adapters=171
 compilation: enabled

Compilation events (10 events):
Event: 1.720 Thread 0x00000000155a1000 nmethod 271 0x0000000003012a50 code [0x0000000003012ce0, 0x0000000003013cf8]
Event: 1.720 Thread 0x00000000155a1000  272       3       com.android.dx.util.ByteArray$MyInputStream::read (40 bytes)
Event: 1.720 Thread 0x00000000155a1000 nmethod 272 0x0000000003012450 code [0x00000000030125c0, 0x0000000003012870]
Event: 1.720 Thread 0x00000000155a1000  273       3       com.android.dx.util.ByteArray::access$100 (6 bytes)
Event: 1.721 Thread 0x00000000155a1000 nmethod 273 0x0000000003011f90 code [0x0000000003012100, 0x00000000030122d0]
Event: 1.861 Thread 0x00000000155a1000  274       3       java.lang.String::compareTo (78 bytes)
Event: 1.861 Thread 0x00000000155a1000 nmethod 274 0x0000000003014a10 code [0x0000000003014b80, 0x0000000003014ed0]
Event: 1.861 Thread 0x00000000155a1000  276   !   3       com.android.dx.cf.code.BytecodeArray::parseInstruction (2764 bytes)
Event: 1.864 Thread 0x0000000015550000  283       4       java.lang.String::equals (81 bytes)
Event: 1.868 Thread 0x0000000015550000 nmethod 283 0x0000000003017f50 code [0x00000000030180a0, 0x00000000030182d8]

GC Heap History (0 events):
No events

Deoptimization events (0 events):
No events

Internal exceptions (10 events):
Event: 1.680 Thread 0x000000001719e800 Exception <a 'java/security/PrivilegedActionException'> (0x00000000eb0c0f30) thrown at [C:\workspace\8-2-build-windows-amd64-cygwin\jdk8u31\2394\hotspot\src\share\vm\prims\jvm.cpp, line 1312]
Event: 1.684 Thread 0x000000001719e800 Exception <a 'java/security/PrivilegedActionException'> (0x00000000eb0c43d0) thrown at [C:\workspace\8-2-build-windows-amd64-cygwin\jdk8u31\2394\hotspot\src\share\vm\prims\jvm.cpp, line 1312]
Event: 1.709 Thread 0x000000001719e800 Exception <a 'java/security/PrivilegedActionException'> (0x00000000eb0ca5a8) thrown at [C:\workspace\8-2-build-windows-amd64-cygwin\jdk8u31\2394\hotspot\src\share\vm\prims\jvm.cpp, line 1312]
Event: 1.718 Thread 0x000000001719e800 Exception <a 'java/security/PrivilegedActionException'> (0x00000000eb17ed20) thrown at [C:\workspace\8-2-build-windows-amd64-cygwin\jdk8u31\2394\hotspot\src\share\vm\prims\jvm.cpp, line 1312]
Event: 1.719 Thread 0x000000001719e800 Exception <a 'java/security/PrivilegedActionException'> (0x00000000eb180b78) thrown at [C:\workspace\8-2-build-windows-amd64-cygwin\jdk8u31\2394\hotspot\src\share\vm\prims\jvm.cpp, line 1312]
Event: 1.855 Thread 0x000000001719e800 Exception <a 'java/security/PrivilegedActionException'> (0x00000000eb185b90) thrown at [C:\workspace\8-2-build-windows-amd64-cygwin\jdk8u31\2394\hotspot\src\share\vm\prims\jvm.cpp, line 1312]
Event: 1.863 Thread 0x000000001719e800 Exception <a 'java/security/PrivilegedActionException'> (0x00000000eb18b4d8) thrown at [C:\workspace\8-2-build-windows-amd64-cygwin\jdk8u31\2394\hotspot\src\share\vm\prims\jvm.cpp, line 1312]
Event: 1.865 Thread 0x00000000170e3000 Exception <a 'java/security/PrivilegedActionException'> (0x00000000eaf025c0) thrown at [C:\workspace\8-2-build-windows-amd64-cygwin\jdk8u31\2394\hotspot\src\share\vm\prims\jvm.cpp, line 1312]
Event: 1.868 Thread 0x00000000170e3000 Exception <a 'java/security/PrivilegedActionException'> (0x00000000eaf124c0) thrown at [C:\workspace\8-2-build-windows-amd64-cygwin\jdk8u31\2394\hotspot\src\share\vm\prims\jvm.cpp, line 1312]
Event: 1.870 Thread 0x00000000170e3000 Exception <a 'java/security/PrivilegedActionException'> (0x00000000eaf1a930) thrown at [C:\workspace\8-2-build-windows-amd64-cygwin\jdk8u31\2394\hotspot\src\share\vm\prims\jvm.cpp, line 1312]

Events (10 events):
Event: 1.862 loading class com/android/dx/rop/code/BasicBlockList$RegCountVisitor
Event: 1.862 loading class com/android/dx/rop/code/BasicBlockList$RegCountVisitor done
Event: 1.865 loading class com/android/dx/ssa/SsaBasicBlock
Event: 1.865 loading class com/android/dx/ssa/SsaBasicBlock done
Event: 1.868 loading class com/android/dx/ssa/SsaBasicBlock$LabelComparator
Event: 1.868 loading class com/android/dx/ssa/SsaBasicBlock$LabelComparator done
Event: 1.868 loading class java/lang/CloneNotSupportedException
Event: 1.868 loading class java/lang/CloneNotSupportedException done
Event: 1.870 loading class com/android/dx/ssa/LocalVariableExtractor
Event: 1.870 loading class com/android/dx/ssa/LocalVariableExtractor done


Dynamic libraries:
0x00007ff612f30000 - 0x00007ff612f64000 	C:\Program Files\Java\jdk1.8.0_31\bin\java.exe
0x00007ffb79ac0000 - 0x00007ffb79c81000 	C:\WINDOWS\SYSTEM32\ntdll.dll
0x00007ffb795c0000 - 0x00007ffb7966d000 	C:\WINDOWS\system32\KERNEL32.DLL
0x00007ffb76190000 - 0x00007ffb76378000 	C:\WINDOWS\system32\KERNELBASE.dll
0x00007ffb78c30000 - 0x00007ffb78cd7000 	C:\WINDOWS\system32\ADVAPI32.dll
0x00007ffb773a0000 - 0x00007ffb7743d000 	C:\WINDOWS\system32\msvcrt.dll
0x00007ffb79150000 - 0x00007ffb791ab000 	C:\WINDOWS\system32\sechost.dll
0x00007ffb771d0000 - 0x00007ffb772ec000 	C:\WINDOWS\system32\RPCRT4.dll
0x00007ffb78ff0000 - 0x00007ffb79146000 	C:\WINDOWS\system32\USER32.dll
0x00007ffb77040000 - 0x00007ffb771c6000 	C:\WINDOWS\system32\GDI32.dll
0x00007ffb69860000 - 0x00007ffb69ad4000 	C:\WINDOWS\WinSxS\amd64_microsoft.windows.common-controls_6595b64144ccf1df_6.0.10586.0_none_8c15ae12515e1c22\COMCTL32.dll
0x00007ffb789a0000 - 0x00007ffb78c1d000 	C:\WINDOWS\system32\combase.dll
0x00007ffb76750000 - 0x00007ffb767ba000 	C:\WINDOWS\system32\bcryptPrimitives.dll
0x00007ffb76ec0000 - 0x00007ffb76efb000 	C:\WINDOWS\system32\IMM32.DLL
0x000000006a020000 - 0x000000006a0f2000 	C:\Program Files\Java\jdk1.8.0_31\jre\bin\msvcr100.dll
0x000000006a7f0000 - 0x000000006b04a000 	C:\Program Files\Java\jdk1.8.0_31\jre\bin\server\jvm.dll
0x00007ffb78c20000 - 0x00007ffb78c28000 	C:\WINDOWS\system32\PSAPI.DLL
0x00007ffb71b60000 - 0x00007ffb71b69000 	C:\WINDOWS\SYSTEM32\WSOCK32.dll
0x00007ffb79550000 - 0x00007ffb795bb000 	C:\WINDOWS\system32\WS2_32.dll
0x00007ffb73ea0000 - 0x00007ffb73ec3000 	C:\WINDOWS\SYSTEM32\WINMM.dll
0x00007ffb73e40000 - 0x00007ffb73e6c000 	C:\WINDOWS\SYSTEM32\WINMMBASE.dll
0x00007ffb767c0000 - 0x00007ffb76803000 	C:\WINDOWS\system32\cfgmgr32.dll
0x000000006a7e0000 - 0x000000006a7ef000 	C:\Program Files\Java\jdk1.8.0_31\jre\bin\verify.dll
0x000000006a7b0000 - 0x000000006a7d8000 	C:\Program Files\Java\jdk1.8.0_31\jre\bin\java.dll
0x000000006a790000 - 0x000000006a7a6000 	C:\Program Files\Java\jdk1.8.0_31\jre\bin\zip.dll
0x00007ffb77440000 - 0x00007ffb7899c000 	C:\WINDOWS\system32\SHELL32.dll
0x00007ffb76870000 - 0x00007ffb76eb4000 	C:\WINDOWS\system32\windows.storage.dll
0x00007ffb791b0000 - 0x00007ffb79202000 	C:\WINDOWS\system32\shlwapi.dll
0x00007ffb76110000 - 0x00007ffb7611f000 	C:\WINDOWS\system32\kernel.appcore.dll
0x00007ffb76550000 - 0x00007ffb76605000 	C:\WINDOWS\system32\shcore.dll
0x00007ffb76120000 - 0x00007ffb7616b000 	C:\WINDOWS\system32\powrprof.dll
0x00007ffb760f0000 - 0x00007ffb76104000 	C:\WINDOWS\system32\profapi.dll
0x00007ffb51c30000 - 0x00007ffb51dbc000 	C:\WINDOWS\SYSTEM32\dbghelp.dll

VM Arguments:
jvm_args: -Djava.awt.headless=true -Xmx1024M -Dfile.encoding=windows-1252 -Duser.country=US -Duser.language=en -Duser.variant 
java_command: com.android.dx.command.Main --dex --force-jumbo --num-threads=4 --multi-dex --output C:\Users\Kunal\Documents\Development\Android\MovieMonkey\app\build\intermediates\transforms\dex\debug\folders\1000\5\slice_1 C:\Users\Kunal\Documents\Development\Android\MovieMonkey\app\build\intermediates\transforms\instantRunSlicer\debug\folders\1\5\slice_1
java_class_path (initial): C:\Users\Kunal\AppData\Local\Android\sdk\build-tools\23.0.3\lib\dx.jar
Launcher Type: SUN_STANDARD

Environment Variables:
JAVA_HOME=C:\Program Files\Java\jdk1.8.0_31
PATH=C:\Program Files\Dell\DW WLAN Card;;c:\Rtools\bin;c:\Rtools\gcc-4.6.3\bin;C:\ProgramData\Oracle\Java\javapath;C:\Program Files (x86)\Intel\iCLS Client\;C:\Program Files\Intel\iCLS Client\;C:\WINDOWS\system32;C:\WINDOWS;C:\WINDOWS\System32\Wbem;C:\WINDOWS\System32\WindowsPowerShell\v1.0\;C:\Program Files\WIDCOMM\Bluetooth Software\;C:\Program Files\WIDCOMM\Bluetooth Software\syswow64;C:\Program Files\Intel\Intel(R) Management Engine Components\DAL;C:\Program Files (x86)\Intel\Intel(R) Management Engine Components\DAL;C:\Program Files\Intel\Intel(R) Management Engine Components\IPT;C:\Program Files (x86)\Intel\Intel(R) Management Engine Components\IPT;C:\Program Files\Microsoft SQL Server\110\Tools\Binn\;C:\Program Files (x86)\Microsoft SDKs\TypeScript\1.0\;C:\Program Files\Microsoft SQL Server\120\Tools\Binn\;C:\Program Files\MATLAB\R2015a\bin;C:\Program Files\nodejs\;C:\Program Files (x86)\MySQL\MySQL Fabric 1.5.4 & MySQL Utilities 1.5.4 1.5\;C:\Program Files (x86)\MySQL\MySQL Fabric 1.5.4 & MySQL Utilities 1.5.4 1.5\Doctrine extensions for PHP\;C:\wamp\bin\php\php5.5.12;C:\ProgramData\ComposerSetup\bin;C:\Program Files (x86)\Skype\Phone\;C:\Program Files (x86)\Brackets\command;C:\Program Files (x86)\HP\Unified Functional Testing\bin;C:\Users\Kunal\AppData\Roaming\Dashlane\3.2.5.85368\bin\Firefox_Extension\{442718d9-475e-452a-b3e1-fb1ee16b8e9f}\components;C:\Users\Kunal\AppData\Roaming\npm;C:\Program Files (x86)\Google\google_appengine\;C:\Users\Kunal\AppData\Local\atom\bin
USERNAME=Kunal
OS=Windows_NT
PROCESSOR_IDENTIFIER=Intel64 Family 6 Model 61 Stepping 4, GenuineIntel



---------------  S Y S T E M  ---------------

OS: Windows 8.1 , 64 bit Build 9600 

CPU:total 4 (2 cores per cpu, 2 threads per core) family 6 model 61 stepping 4, cmov, cx8, fxsr, mmx, sse, sse2, sse3, ssse3, sse4.1, sse4.2, popcnt, avx, avx2, aes, clmul, erms, lzcnt, ht, tsc, tscinvbit, bmi1, bmi2

Memory: 4k page, physical 4096808k(198516k free), swap 12579084k(24k free)

vm_info: Java HotSpot(TM) 64-Bit Server VM (25.31-b07) for windows-amd64 JRE (1.8.0_31-b13), built on Dec 17 2014 21:00:28 by "java_re" with MS VC++ 10.0 (VS2010)

time: Mon Jul 18 11:31:08 2016
elapsed time: 1 seconds (0d 0h 0m 1s)

