#
# There is insufficient memory for the Java Runtime Environment to continue.
# Native memory allocation (malloc) failed to allocate 504976 bytes for Chunk::new
# Possible reasons:
#   The system is out of physical RAM or swap space
#   In 32 bit mode, the process size limit was hit
# Possible solutions:
#   Reduce memory load on the system
#   Increase physical memory or swap space
#   Check if swap backing store is full
#   Use 64 bit Java on a 64 bit OS
#   Decrease Java heap size (-Xmx/-Xms)
#   Decrease number of Java threads
#   Decrease Java thread stack sizes (-Xss)
#   Set larger code cache with -XX:ReservedCodeCacheSize=
# This output file may be truncated or incomplete.
#
#  Out of Memory Error (allocation.cpp:390), pid=15484, tid=4788
#
# JRE version: Java(TM) SE Runtime Environment (8.0_31-b13) (build 1.8.0_31-b13)
# Java VM: Java HotSpot(TM) 64-Bit Server VM (25.31-b07 mixed mode windows-amd64 compressed oops)
# Failed to write core dump. Minidumps are not enabled by default on client versions of Windows
#

---------------  T H R E A D  ---------------

Current thread (0x0000000014fa0000):  JavaThread "C2 CompilerThread1" daemon [_thread_in_native, id=4788, stack(0x0000000016600000,0x0000000016700000)]

Stack: [0x0000000016600000,0x0000000016700000]
Native frames: (J=compiled Java code, j=interpreted, Vv=VM code, C=native code)
V  [jvm.dll+0x3169ba]


Current CompileTask:
C2:  13964 1115       4       com.android.dx.dex.code.OutputFinisher::addConstants (68 bytes)


---------------  P R O C E S S  ---------------

Java Threads: ( => current thread )
  0x0000000016b57000 JavaThread "pool-1-thread-1" [_thread_in_Java, id=8992, stack(0x0000000018ad0000,0x0000000018bd0000)]
  0x0000000014ffb800 JavaThread "Service Thread" daemon [_thread_blocked, id=4496, stack(0x0000000016800000,0x0000000016900000)]
  0x0000000014ff4800 JavaThread "C1 CompilerThread2" daemon [_thread_blocked, id=8052, stack(0x0000000016700000,0x0000000016800000)]
=>0x0000000014fa0000 JavaThread "C2 CompilerThread1" daemon [_thread_in_native, id=4788, stack(0x0000000016600000,0x0000000016700000)]
  0x0000000014f9d000 JavaThread "C2 CompilerThread0" daemon [_thread_in_native, id=9308, stack(0x0000000016500000,0x0000000016600000)]
  0x0000000014f9b800 JavaThread "Attach Listener" daemon [_thread_blocked, id=3168, stack(0x0000000016400000,0x0000000016500000)]
  0x0000000014f9a800 JavaThread "Signal Dispatcher" daemon [_thread_blocked, id=5360, stack(0x0000000016300000,0x0000000016400000)]
  0x000000000289f800 JavaThread "Finalizer" daemon [_thread_blocked, id=12948, stack(0x0000000016200000,0x0000000016300000)]
  0x000000000289c000 JavaThread "Reference Handler" daemon [_thread_blocked, id=6100, stack(0x0000000016100000,0x0000000016200000)]
  0x00000000027ad800 JavaThread "main" [_thread_blocked, id=324, stack(0x0000000002660000,0x0000000002760000)]

Other Threads:
  0x0000000014f66000 VMThread [stack: 0x0000000016000000,0x0000000016100000] [id=12920]
  0x0000000014ffe800 WatcherThread [stack: 0x0000000016900000,0x0000000016a00000] [id=12044]

VM state:not at safepoint (normal execution)

VM Mutex/Monitor currently owned by a thread: None

Heap:
 PSYoungGen      total 18944K, used 7012K [0x00000000eab00000, 0x00000000ed000000, 0x0000000100000000)
  eden space 16384K, 27% used [0x00000000eab00000,0x00000000eaf59ad0,0x00000000ebb00000)
  from space 2560K, 99% used [0x00000000ebb00000,0x00000000ebd7f638,0x00000000ebd80000)
  to   space 2560K, 0% used [0x00000000ecd80000,0x00000000ecd80000,0x00000000ed000000)
 ParOldGen       total 44032K, used 1303K [0x00000000c0000000, 0x00000000c2b00000, 0x00000000eab00000)
  object space 44032K, 2% used [0x00000000c0000000,0x00000000c0145e08,0x00000000c2b00000)
 Metaspace       used 5933K, capacity 6960K, committed 7040K, reserved 1056768K
  class space    used 593K, capacity 616K, committed 640K, reserved 1048576K

Card table byte_map: [0x0000000011c70000,0x0000000011e80000] byte_map_base: 0x0000000011670000

Marking Bits: (ParMarkBitMap*) 0x000000006afcd4f0
 Begin Bits: [0x00000000123e0000, 0x00000000133e0000)
 End Bits:   [0x00000000133e0000, 0x00000000143e0000)

Polling page: 0x0000000002760000

CodeCache: size=245760Kb used=4616Kb max_used=4616Kb free=241144Kb
 bounds [0x00000000028b0000, 0x0000000002d40000, 0x00000000118b0000]
 total_blobs=1445 nmethods=1183 adapters=176
 compilation: enabled

Compilation events (10 events):
Event: 12.893 Thread 0x0000000014ff4800 1130       3       java.util.TreeMap::rotateRight (96 bytes)
Event: 12.894 Thread 0x0000000014ff4800 nmethod 1130 0x0000000002d12510 code [0x0000000002d12680, 0x0000000002d129d0]
Event: 12.898 Thread 0x0000000014ff4800 1131       3       com.android.dx.dex.file.IndexedItem::setIndex (24 bytes)
Event: 12.899 Thread 0x0000000014ff4800 nmethod 1131 0x0000000002d12ad0 code [0x0000000002d12c40, 0x0000000002d12e68]
Event: 12.899 Thread 0x0000000014ff4800 1132       3       com.android.dx.dex.file.MemberIdItem::addContents (26 bytes)
Event: 12.902 Thread 0x0000000014ff4800 nmethod 1132 0x0000000002d12f10 code [0x0000000002d130e0, 0x0000000002d13b08]
Event: 12.903 Thread 0x0000000014ff4800 1133   !   3       com.android.dx.dex.file.MixedItemSection::add (49 bytes)
Event: 12.906 Thread 0x0000000014ff4800 nmethod 1133 0x0000000002d13f50 code [0x0000000002d14140, 0x0000000002d14b78]
Event: 12.910 Thread 0x0000000014ff4800 1134  s    3       com.android.dx.dex.file.TypeIdsSection::intern (62 bytes)
Event: 12.913 Thread 0x0000000014ff4800 nmethod 1134 0x0000000002d15050 code [0x0000000002d15260, 0x0000000002d15e28]

GC Heap History (2 events):
Event: 9.894 GC heap before
{Heap before GC invocations=1 (full 0):
 PSYoungGen      total 18944K, used 16384K [0x00000000eab00000, 0x00000000ec000000, 0x0000000100000000)
  eden space 16384K, 100% used [0x00000000eab00000,0x00000000ebb00000,0x00000000ebb00000)
  from space 2560K, 0% used [0x00000000ebd80000,0x00000000ebd80000,0x00000000ec000000)
  to   space 2560K, 0% used [0x00000000ebb00000,0x00000000ebb00000,0x00000000ebd80000)
 ParOldGen       total 44032K, used 0K [0x00000000c0000000, 0x00000000c2b00000, 0x00000000eab00000)
  object space 44032K, 0% used [0x00000000c0000000,0x00000000c0000000,0x00000000c2b00000)
 Metaspace       used 5683K, capacity 6768K, committed 7040K, reserved 1056768K
  class space    used 579K, capacity 616K, committed 640K, reserved 1048576K
Event: 10.541 GC heap after
Heap after GC invocations=1 (full 0):
 PSYoungGen      total 18944K, used 2557K [0x00000000eab00000, 0x00000000ed000000, 0x0000000100000000)
  eden space 16384K, 0% used [0x00000000eab00000,0x00000000eab00000,0x00000000ebb00000)
  from space 2560K, 99% used [0x00000000ebb00000,0x00000000ebd7f638,0x00000000ebd80000)
  to   space 2560K, 0% used [0x00000000ecd80000,0x00000000ecd80000,0x00000000ed000000)
 ParOldGen       total 44032K, used 1303K [0x00000000c0000000, 0x00000000c2b00000, 0x00000000eab00000)
  object space 44032K, 2% used [0x00000000c0000000,0x00000000c0145e08,0x00000000c2b00000)
 Metaspace       used 5683K, capacity 6768K, committed 7040K, reserved 1056768K
  class space    used 579K, capacity 616K, committed 640K, reserved 1048576K
}

Deoptimization events (5 events):
Event: 11.165 Thread 0x0000000016c77000 Uncommon trap: reason=bimorphic action=maybe_recompile pc=0x0000000002ac202c method=java.util.HashMap.getNode(ILjava/lang/Object;)Ljava/util/HashMap$Node; @ 126
Event: 11.165 Thread 0x0000000016c77000 Uncommon trap: reason=bimorphic action=maybe_recompile pc=0x0000000002ac202c method=java.util.HashMap.getNode(ILjava/lang/Object;)Ljava/util/HashMap$Node; @ 126
Event: 11.166 Thread 0x0000000016c77000 Uncommon trap: reason=bimorphic action=maybe_recompile pc=0x0000000002ac202c method=java.util.HashMap.getNode(ILjava/lang/Object;)Ljava/util/HashMap$Node; @ 126
Event: 11.167 Thread 0x0000000016c77000 Uncommon trap: reason=bimorphic action=maybe_recompile pc=0x0000000002ac202c method=java.util.HashMap.getNode(ILjava/lang/Object;)Ljava/util/HashMap$Node; @ 126
Event: 11.168 Thread 0x0000000016c77000 Uncommon trap: reason=bimorphic action=maybe_recompile pc=0x0000000002aba7d0 method=java.util.HashMap.getNode(ILjava/lang/Object;)Ljava/util/HashMap$Node; @ 126

Internal exceptions (10 events):
Event: 8.077 Thread 0x0000000016b56800 Exception <a 'java/security/PrivilegedActionException'> (0x00000000eb4f67c0) thrown at [C:\workspace\8-2-build-windows-amd64-cygwin\jdk8u31\2394\hotspot\src\share\vm\prims\jvm.cpp, line 1312]
Event: 8.532 Thread 0x0000000016c75000 Exception <a 'java/security/PrivilegedActionException'> (0x00000000eb5e1b38) thrown at [C:\workspace\8-2-build-windows-amd64-cygwin\jdk8u31\2394\hotspot\src\share\vm\prims\jvm.cpp, line 1312]
Event: 8.555 Thread 0x0000000016c75000 Exception <a 'java/security/PrivilegedActionException'> (0x00000000eb5f95b8) thrown at [C:\workspace\8-2-build-windows-amd64-cygwin\jdk8u31\2394\hotspot\src\share\vm\prims\jvm.cpp, line 1312]
Event: 9.209 Thread 0x0000000016c77000 Exception <a 'java/security/PrivilegedActionException'> (0x00000000eb6ffe68) thrown at [C:\workspace\8-2-build-windows-amd64-cygwin\jdk8u31\2394\hotspot\src\share\vm\prims\jvm.cpp, line 1312]
Event: 9.250 Thread 0x0000000016c75000 Exception <a 'java/security/PrivilegedActionException'> (0x00000000eb624ba8) thrown at [C:\workspace\8-2-build-windows-amd64-cygwin\jdk8u31\2394\hotspot\src\share\vm\prims\jvm.cpp, line 1312]
Event: 9.277 Thread 0x0000000016c75000 Exception <a 'java/security/PrivilegedActionException'> (0x00000000eb8224c0) thrown at [C:\workspace\8-2-build-windows-amd64-cygwin\jdk8u31\2394\hotspot\src\share\vm\prims\jvm.cpp, line 1312]
Event: 11.847 Thread 0x00000000027ad800 Exception <a 'java/security/PrivilegedActionException'> (0x00000000eae96ce0) thrown at [C:\workspace\8-2-build-windows-amd64-cygwin\jdk8u31\2394\hotspot\src\share\vm\prims\jvm.cpp, line 1312]
Event: 12.578 Thread 0x0000000016b57000 Exception <a 'java/security/PrivilegedActionException'> (0x00000000eaecae28) thrown at [C:\workspace\8-2-build-windows-amd64-cygwin\jdk8u31\2394\hotspot\src\share\vm\prims\jvm.cpp, line 1312]
Event: 12.870 Thread 0x0000000016b57000 Exception <a 'java/security/PrivilegedActionException'> (0x00000000eaee5080) thrown at [C:\workspace\8-2-build-windows-amd64-cygwin\jdk8u31\2394\hotspot\src\share\vm\prims\jvm.cpp, line 1312]
Event: 12.917 Thread 0x0000000016b57000 Exception <a 'java/security/PrivilegedActionException'> (0x00000000eaef8a60) thrown at [C:\workspace\8-2-build-windows-amd64-cygwin\jdk8u31\2394\hotspot\src\share\vm\prims\jvm.cpp, line 1312]

Events (10 events):
Event: 12.506 loading class java/util/NavigableSet done
Event: 12.506 loading class java/util/TreeMap$KeySet done
Event: 12.507 loading class java/util/TreeMap$KeyIterator
Event: 12.507 loading class java/util/TreeMap$KeyIterator done
Event: 12.578 loading class com/android/dx/rop/cst/Zeroes
Event: 12.578 loading class com/android/dx/rop/cst/Zeroes done
Event: 12.869 loading class com/android/dx/dex/file/ProtoIdItem
Event: 12.869 loading class com/android/dx/dex/file/ProtoIdItem done
Event: 12.916 loading class com/android/dex/Leb128
Event: 12.916 loading class com/android/dex/Leb128 done


Dynamic libraries:
0x00007ff612f30000 - 0x00007ff612f64000 	C:\Program Files\Java\jdk1.8.0_31\bin\java.exe
0x00007ffb79ac0000 - 0x00007ffb79c81000 	C:\WINDOWS\SYSTEM32\ntdll.dll
0x00007ffb795c0000 - 0x00007ffb7966d000 	C:\WINDOWS\system32\KERNEL32.DLL
0x00007ffb76190000 - 0x00007ffb76378000 	C:\WINDOWS\system32\KERNELBASE.dll
0x00007ffb78c30000 - 0x00007ffb78cd7000 	C:\WINDOWS\system32\ADVAPI32.dll
0x00007ffb773a0000 - 0x00007ffb7743d000 	C:\WINDOWS\system32\msvcrt.dll
0x00007ffb79150000 - 0x00007ffb791ab000 	C:\WINDOWS\system32\sechost.dll
0x00007ffb771d0000 - 0x00007ffb772ec000 	C:\WINDOWS\system32\RPCRT4.dll
0x00007ffb78ff0000 - 0x00007ffb79146000 	C:\WINDOWS\system32\USER32.dll
0x00007ffb77040000 - 0x00007ffb771c6000 	C:\WINDOWS\system32\GDI32.dll
0x00007ffb69860000 - 0x00007ffb69ad4000 	C:\WINDOWS\WinSxS\amd64_microsoft.windows.common-controls_6595b64144ccf1df_6.0.10586.0_none_8c15ae12515e1c22\COMCTL32.dll
0x00007ffb789a0000 - 0x00007ffb78c1d000 	C:\WINDOWS\system32\combase.dll
0x00007ffb76750000 - 0x00007ffb767ba000 	C:\WINDOWS\system32\bcryptPrimitives.dll
0x00007ffb76ec0000 - 0x00007ffb76efb000 	C:\WINDOWS\system32\IMM32.DLL
0x000000006a020000 - 0x000000006a0f2000 	C:\Program Files\Java\jdk1.8.0_31\jre\bin\msvcr100.dll
0x000000006a7f0000 - 0x000000006b04a000 	C:\Program Files\Java\jdk1.8.0_31\jre\bin\server\jvm.dll
0x00007ffb78c20000 - 0x00007ffb78c28000 	C:\WINDOWS\system32\PSAPI.DLL
0x00007ffb71b60000 - 0x00007ffb71b69000 	C:\WINDOWS\SYSTEM32\WSOCK32.dll
0x00007ffb79550000 - 0x00007ffb795bb000 	C:\WINDOWS\system32\WS2_32.dll
0x00007ffb73ea0000 - 0x00007ffb73ec3000 	C:\WINDOWS\SYSTEM32\WINMM.dll
0x00007ffb73e40000 - 0x00007ffb73e6c000 	C:\WINDOWS\SYSTEM32\WINMMBASE.dll
0x00007ffb767c0000 - 0x00007ffb76803000 	C:\WINDOWS\system32\cfgmgr32.dll
0x000000006a7e0000 - 0x000000006a7ef000 	C:\Program Files\Java\jdk1.8.0_31\jre\bin\verify.dll
0x000000006a7b0000 - 0x000000006a7d8000 	C:\Program Files\Java\jdk1.8.0_31\jre\bin\java.dll
0x000000006a790000 - 0x000000006a7a6000 	C:\Program Files\Java\jdk1.8.0_31\jre\bin\zip.dll
0x00007ffb77440000 - 0x00007ffb7899c000 	C:\WINDOWS\system32\SHELL32.dll
0x00007ffb76870000 - 0x00007ffb76eb4000 	C:\WINDOWS\system32\windows.storage.dll
0x00007ffb791b0000 - 0x00007ffb79202000 	C:\WINDOWS\system32\shlwapi.dll
0x00007ffb76110000 - 0x00007ffb7611f000 	C:\WINDOWS\system32\kernel.appcore.dll
0x00007ffb76550000 - 0x00007ffb76605000 	C:\WINDOWS\system32\shcore.dll
0x00007ffb76120000 - 0x00007ffb7616b000 	C:\WINDOWS\system32\powrprof.dll
0x00007ffb760f0000 - 0x00007ffb76104000 	C:\WINDOWS\system32\profapi.dll

VM Arguments:
jvm_args: -Djava.awt.headless=true -Xmx1024M -Dfile.encoding=windows-1252 -Duser.country=US -Duser.language=en -Duser.variant 
java_command: com.android.dx.command.Main --dex --force-jumbo --num-threads=4 --multi-dex --output C:\Users\Kunal\Documents\Development\Android\MovieMonkey\app\build\intermediates\transforms\dex\debug\folders\1000\10\com.android.support-cardview-v7-23.3.0_99b1e178a54b0b722c6ac55ac13413e9df1ad8a4 C:\Users\Kunal\Documents\Development\Android\MovieMonkey\app\build\intermediates\exploded-aar\com.android.support\cardview-v7\23.3.0\jars\classes.jar
java_class_path (initial): C:\Users\Kunal\AppData\Local\Android\sdk\build-tools\23.0.3\lib\dx.jar
Launcher Type: SUN_STANDARD

Environment Variables:
JAVA_HOME=C:\Program Files\Java\jdk1.8.0_31
PATH=C:\Program Files\Dell\DW WLAN Card;;c:\Rtools\bin;c:\Rtools\gcc-4.6.3\bin;C:\ProgramData\Oracle\Java\javapath;C:\Program Files (x86)\Intel\iCLS Client\;C:\Program Files\Intel\iCLS Client\;C:\WINDOWS\system32;C:\WINDOWS;C:\WINDOWS\System32\Wbem;C:\WINDOWS\System32\WindowsPowerShell\v1.0\;C:\Program Files\WIDCOMM\Bluetooth Software\;C:\Program Files\WIDCOMM\Bluetooth Software\syswow64;C:\Program Files\Intel\Intel(R) Management Engine Components\DAL;C:\Program Files (x86)\Intel\Intel(R) Management Engine Components\DAL;C:\Program Files\Intel\Intel(R) Management Engine Components\IPT;C:\Program Files (x86)\Intel\Intel(R) Management Engine Components\IPT;C:\Program Files\Microsoft SQL Server\110\Tools\Binn\;C:\Program Files (x86)\Microsoft SDKs\TypeScript\1.0\;C:\Program Files\Microsoft SQL Server\120\Tools\Binn\;C:\Program Files\MATLAB\R2015a\bin;C:\Program Files\nodejs\;C:\Program Files (x86)\MySQL\MySQL Fabric 1.5.4 & MySQL Utilities 1.5.4 1.5\;C:\Program Files (x86)\MySQL\MySQL Fabric 1.5.4 & MySQL Utilities 1.5.4 1.5\Doctrine extensions for PHP\;C:\wamp\bin\php\php5.5.12;C:\ProgramData\ComposerSetup\bin;C:\Program Files (x86)\Skype\Phone\;C:\Program Files (x86)\Brackets\command;C:\Program Files (x86)\HP\Unified Functional Testing\bin;C:\Users\Kunal\AppData\Roaming\Dashlane\3.2.5.85368\bin\Firefox_Extension\{442718d9-475e-452a-b3e1-fb1ee16b8e9f}\components;C:\Users\Kunal\AppData\Roaming\npm;C:\Program Files (x86)\Google\google_appengine\;C:\Users\Kunal\AppData\Local\atom\bin
USERNAME=Kunal
OS=Windows_NT
PROCESSOR_IDENTIFIER=Intel64 Family 6 Model 61 Stepping 4, GenuineIntel



---------------  S Y S T E M  ---------------

OS: Windows 8.1 , 64 bit Build 9600 

CPU:total 4 (2 cores per cpu, 2 threads per core) family 6 model 61 stepping 4, cmov, cx8, fxsr, mmx, sse, sse2, sse3, ssse3, sse4.1, sse4.2, popcnt, avx, avx2, aes, clmul, erms, lzcnt, ht, tsc, tscinvbit, bmi1, bmi2

Memory: 4k page, physical 4096808k(137220k free), swap 12579084k(916k free)

vm_info: Java HotSpot(TM) 64-Bit Server VM (25.31-b07) for windows-amd64 JRE (1.8.0_31-b13), built on Dec 17 2014 21:00:28 by "java_re" with MS VC++ 10.0 (VS2010)

time: Mon Jul 18 11:30:22 2016
elapsed time: 14 seconds (0d 0h 0m 14s)

