#
# There is insufficient memory for the Java Runtime Environment to continue.
# Native memory allocation (malloc) failed to allocate 383952 bytes for Chunk::new
# Possible reasons:
#   The system is out of physical RAM or swap space
#   In 32 bit mode, the process size limit was hit
# Possible solutions:
#   Reduce memory load on the system
#   Increase physical memory or swap space
#   Check if swap backing store is full
#   Use 64 bit Java on a 64 bit OS
#   Decrease Java heap size (-Xmx/-Xms)
#   Decrease number of Java threads
#   Decrease Java thread stack sizes (-Xss)
#   Set larger code cache with -XX:ReservedCodeCacheSize=
# This output file may be truncated or incomplete.
#
#  Out of Memory Error (allocation.cpp:390), pid=12680, tid=1280
#
# JRE version: Java(TM) SE Runtime Environment (8.0_31-b13) (build 1.8.0_31-b13)
# Java VM: Java HotSpot(TM) 64-Bit Server VM (25.31-b07 mixed mode windows-amd64 compressed oops)
# Failed to write core dump. Minidumps are not enabled by default on client versions of Windows
#

---------------  T H R E A D  ---------------

Current thread (0x0000000014b10000):  JavaThread "C2 CompilerThread1" daemon [_thread_in_native, id=1280, stack(0x0000000016160000,0x0000000016260000)]

Stack: [0x0000000016160000,0x0000000016260000]
Native frames: (J=compiled Java code, j=interpreted, Vv=VM code, C=native code)
V  [jvm.dll+0x3169ba]


Current CompileTask:
C2:   9135  712       4       com.android.dx.ssa.back.LivenessAnalyzer::handleTailRecursion (94 bytes)


---------------  P R O C E S S  ---------------

Java Threads: ( => current thread )
  0x00000000166a8000 JavaThread "pool-2-thread-4" [_thread_in_Java, id=8636, stack(0x0000000016d60000,0x0000000016e60000)]
  0x000000001669c000 JavaThread "pool-2-thread-3" [_thread_in_Java, id=15796, stack(0x0000000016c60000,0x0000000016d60000)]
  0x00000000165c4000 JavaThread "pool-2-thread-2" [_thread_in_vm, id=6932, stack(0x0000000016b60000,0x0000000016c60000)]
  0x000000001659e800 JavaThread "pool-3-thread-1" [_thread_blocked, id=7624, stack(0x0000000016a60000,0x0000000016b60000)]
  0x0000000014b6c800 JavaThread "Service Thread" daemon [_thread_blocked, id=14920, stack(0x0000000016360000,0x0000000016460000)]
  0x0000000014b64800 JavaThread "C1 CompilerThread2" daemon [_thread_blocked, id=13520, stack(0x0000000016260000,0x0000000016360000)]
=>0x0000000014b10000 JavaThread "C2 CompilerThread1" daemon [_thread_in_native, id=1280, stack(0x0000000016160000,0x0000000016260000)]
  0x0000000014b0d000 JavaThread "C2 CompilerThread0" daemon [_thread_in_native, id=15576, stack(0x0000000016060000,0x0000000016160000)]
  0x0000000014b0b800 JavaThread "Attach Listener" daemon [_thread_blocked, id=3408, stack(0x0000000015f60000,0x0000000016060000)]
  0x0000000014b0a800 JavaThread "Signal Dispatcher" daemon [_thread_blocked, id=10932, stack(0x0000000015e60000,0x0000000015f60000)]
  0x000000000240f800 JavaThread "Finalizer" daemon [_thread_blocked, id=15652, stack(0x0000000015d60000,0x0000000015e60000)]
  0x000000000240c000 JavaThread "Reference Handler" daemon [_thread_blocked, id=13492, stack(0x0000000015c60000,0x0000000015d60000)]
  0x00000000009bd800 JavaThread "main" [_thread_blocked, id=14592, stack(0x0000000002120000,0x0000000002220000)]

Other Threads:
  0x0000000014ad6000 VMThread [stack: 0x0000000015b60000,0x0000000015c60000] [id=14560]
  0x0000000016460800 WatcherThread [stack: 0x0000000016860000,0x0000000016960000] [id=6292]

VM state:not at safepoint (normal execution)

VM Mutex/Monitor currently owned by a thread: None

Heap:
 PSYoungGen      total 18944K, used 11823K [0x00000000eab00000, 0x00000000ec000000, 0x0000000100000000)
  eden space 16384K, 72% used [0x00000000eab00000,0x00000000eb68be20,0x00000000ebb00000)
  from space 2560K, 0% used [0x00000000ebd80000,0x00000000ebd80000,0x00000000ec000000)
  to   space 2560K, 0% used [0x00000000ebb00000,0x00000000ebb00000,0x00000000ebd80000)
 ParOldGen       total 44032K, used 0K [0x00000000c0000000, 0x00000000c2b00000, 0x00000000eab00000)
  object space 44032K, 0% used [0x00000000c0000000,0x00000000c0000000,0x00000000c2b00000)
 Metaspace       used 5445K, capacity 6544K, committed 6784K, reserved 1056768K
  class space    used 567K, capacity 584K, committed 640K, reserved 1048576K

Card table byte_map: [0x00000000117e0000,0x00000000119f0000] byte_map_base: 0x00000000111e0000

Marking Bits: (ParMarkBitMap*) 0x000000006afcd4f0
 Begin Bits: [0x0000000011f50000, 0x0000000012f50000)
 End Bits:   [0x0000000012f50000, 0x0000000013f50000)

Polling page: 0x0000000000990000

CodeCache: size=245760Kb used=3079Kb max_used=3093Kb free=242680Kb
 bounds [0x0000000002420000, 0x0000000002730000, 0x0000000011420000]
 total_blobs=987 nmethods=726 adapters=175
 compilation: enabled

Compilation events (10 events):
Event: 9.102 Thread 0x0000000014b64800  731   !   3       com.android.dx.ssa.LocalVariableInfo::setStarts (40 bytes)
Event: 9.102 Thread 0x0000000014b64800 nmethod 731 0x000000000271c410 code [0x000000000271c5c0, 0x000000000271cbe8]
Event: 9.102 Thread 0x0000000014b64800  730       3       com.android.dx.ssa.SsaBasicBlock::<init> (109 bytes)
Event: 9.103 Thread 0x0000000014b64800 nmethod 730 0x000000000271b350 code [0x000000000271b540, 0x000000000271bf28]
Event: 9.103 Thread 0x0000000014b64800  721       3       com.android.dx.ssa.back.IdenticalBlockCombiner::combineBlocks (102 bytes)
Event: 9.105 Thread 0x0000000014b64800 nmethod 721 0x0000000002720f90 code [0x0000000002721160, 0x0000000002721a18]
Event: 9.105 Thread 0x0000000014b64800  723       1       com.android.dx.dex.code.RopTranslator::access$500 (5 bytes)
Event: 9.105 Thread 0x0000000014b64800 nmethod 723 0x0000000002719b90 code [0x0000000002719ce0, 0x0000000002719dd0]
Event: 9.105 Thread 0x0000000014b64800  724       1       com.android.dx.dex.code.Dop::hasResult (5 bytes)
Event: 9.105 Thread 0x0000000014b64800 nmethod 724 0x00000000027198d0 code [0x0000000002719a20, 0x0000000002719b30]

GC Heap History (0 events):
No events

Deoptimization events (0 events):
No events

Internal exceptions (10 events):
Event: 8.979 Thread 0x000000001669c000 Exception <a 'java/security/PrivilegedActionException'> (0x00000000eb49ef10) thrown at [C:\workspace\8-2-build-windows-amd64-cygwin\jdk8u31\2394\hotspot\src\share\vm\prims\jvm.cpp, line 1312]
Event: 8.980 Thread 0x000000001669c000 Exception <a 'java/security/PrivilegedActionException'> (0x00000000eb4a3588) thrown at [C:\workspace\8-2-build-windows-amd64-cygwin\jdk8u31\2394\hotspot\src\share\vm\prims\jvm.cpp, line 1312]
Event: 8.982 Thread 0x000000001669c000 Exception <a 'java/security/PrivilegedActionException'> (0x00000000eb4a9be8) thrown at [C:\workspace\8-2-build-windows-amd64-cygwin\jdk8u31\2394\hotspot\src\share\vm\prims\jvm.cpp, line 1312]
Event: 8.997 Thread 0x00000000166a8000 Exception <a 'java/security/PrivilegedActionException'> (0x00000000eb3f4dd8) thrown at [C:\workspace\8-2-build-windows-amd64-cygwin\jdk8u31\2394\hotspot\src\share\vm\prims\jvm.cpp, line 1312]
Event: 8.999 Thread 0x00000000166a8000 Exception <a 'java/security/PrivilegedActionException'> (0x00000000eb3fb010) thrown at [C:\workspace\8-2-build-windows-amd64-cygwin\jdk8u31\2394\hotspot\src\share\vm\prims\jvm.cpp, line 1312]
Event: 9.001 Thread 0x00000000166a8000 Exception <a 'java/security/PrivilegedActionException'> (0x00000000eb3ff708) thrown at [C:\workspace\8-2-build-windows-amd64-cygwin\jdk8u31\2394\hotspot\src\share\vm\prims\jvm.cpp, line 1312]
Event: 9.003 Thread 0x00000000166a8000 Exception <a 'java/security/PrivilegedActionException'> (0x00000000eb405b18) thrown at [C:\workspace\8-2-build-windows-amd64-cygwin\jdk8u31\2394\hotspot\src\share\vm\prims\jvm.cpp, line 1312]
Event: 9.005 Thread 0x00000000166a8000 Exception <a 'java/security/PrivilegedActionException'> (0x00000000eb548808) thrown at [C:\workspace\8-2-build-windows-amd64-cygwin\jdk8u31\2394\hotspot\src\share\vm\prims\jvm.cpp, line 1312]
Event: 9.006 Thread 0x00000000166a8000 Exception <a 'java/security/PrivilegedActionException'> (0x00000000eb54df70) thrown at [C:\workspace\8-2-build-windows-amd64-cygwin\jdk8u31\2394\hotspot\src\share\vm\prims\jvm.cpp, line 1312]
Event: 9.007 Thread 0x00000000166a8000 Exception <a 'java/security/PrivilegedActionException'> (0x00000000eb550f58) thrown at [C:\workspace\8-2-build-windows-amd64-cygwin\jdk8u31\2394\hotspot\src\share\vm\prims\jvm.cpp, line 1312]

Events (10 events):
Event: 9.003 loading class com/android/dx/dex/file/CodeItem
Event: 9.003 loading class com/android/dx/dex/file/CodeItem done
Event: 9.004 loading class com/android/dx/dex/file/DebugInfoItem
Event: 9.004 loading class com/android/dx/dex/file/DebugInfoItem done
Event: 9.006 loading class java/io/PrintWriter
Event: 9.006 loading class java/io/PrintWriter done
Event: 9.006 loading class com/android/dx/rop/annotation/AnnotationsList
Event: 9.006 loading class com/android/dx/rop/annotation/AnnotationsList done
Event: 9.007 loading class com/android/dx/dex/file/MethodIdItem
Event: 9.007 loading class com/android/dx/dex/file/MethodIdItem done


Dynamic libraries:
0x00007ff612f30000 - 0x00007ff612f64000 	C:\Program Files\Java\jdk1.8.0_31\bin\java.exe
0x00007ffb79ac0000 - 0x00007ffb79c81000 	C:\WINDOWS\SYSTEM32\ntdll.dll
0x00007ffb795c0000 - 0x00007ffb7966d000 	C:\WINDOWS\system32\KERNEL32.DLL
0x00007ffb76190000 - 0x00007ffb76378000 	C:\WINDOWS\system32\KERNELBASE.dll
0x00007ffb78c30000 - 0x00007ffb78cd7000 	C:\WINDOWS\system32\ADVAPI32.dll
0x00007ffb773a0000 - 0x00007ffb7743d000 	C:\WINDOWS\system32\msvcrt.dll
0x00007ffb79150000 - 0x00007ffb791ab000 	C:\WINDOWS\system32\sechost.dll
0x00007ffb771d0000 - 0x00007ffb772ec000 	C:\WINDOWS\system32\RPCRT4.dll
0x00007ffb78ff0000 - 0x00007ffb79146000 	C:\WINDOWS\system32\USER32.dll
0x00007ffb77040000 - 0x00007ffb771c6000 	C:\WINDOWS\system32\GDI32.dll
0x00007ffb69860000 - 0x00007ffb69ad4000 	C:\WINDOWS\WinSxS\amd64_microsoft.windows.common-controls_6595b64144ccf1df_6.0.10586.0_none_8c15ae12515e1c22\COMCTL32.dll
0x00007ffb789a0000 - 0x00007ffb78c1d000 	C:\WINDOWS\system32\combase.dll
0x00007ffb76750000 - 0x00007ffb767ba000 	C:\WINDOWS\system32\bcryptPrimitives.dll
0x00007ffb76ec0000 - 0x00007ffb76efb000 	C:\WINDOWS\system32\IMM32.DLL
0x000000006a020000 - 0x000000006a0f2000 	C:\Program Files\Java\jdk1.8.0_31\jre\bin\msvcr100.dll
0x000000006a7f0000 - 0x000000006b04a000 	C:\Program Files\Java\jdk1.8.0_31\jre\bin\server\jvm.dll
0x00007ffb78c20000 - 0x00007ffb78c28000 	C:\WINDOWS\system32\PSAPI.DLL
0x00007ffb71b60000 - 0x00007ffb71b69000 	C:\WINDOWS\SYSTEM32\WSOCK32.dll
0x00007ffb79550000 - 0x00007ffb795bb000 	C:\WINDOWS\system32\WS2_32.dll
0x00007ffb73ea0000 - 0x00007ffb73ec3000 	C:\WINDOWS\SYSTEM32\WINMM.dll
0x00007ffb73e40000 - 0x00007ffb73e6c000 	C:\WINDOWS\SYSTEM32\WINMMBASE.dll
0x00007ffb767c0000 - 0x00007ffb76803000 	C:\WINDOWS\system32\cfgmgr32.dll
0x000000006a7e0000 - 0x000000006a7ef000 	C:\Program Files\Java\jdk1.8.0_31\jre\bin\verify.dll
0x000000006a7b0000 - 0x000000006a7d8000 	C:\Program Files\Java\jdk1.8.0_31\jre\bin\java.dll
0x000000006a790000 - 0x000000006a7a6000 	C:\Program Files\Java\jdk1.8.0_31\jre\bin\zip.dll
0x00007ffb77440000 - 0x00007ffb7899c000 	C:\WINDOWS\system32\SHELL32.dll
0x00007ffb76870000 - 0x00007ffb76eb4000 	C:\WINDOWS\system32\windows.storage.dll
0x00007ffb791b0000 - 0x00007ffb79202000 	C:\WINDOWS\system32\shlwapi.dll
0x00007ffb76110000 - 0x00007ffb7611f000 	C:\WINDOWS\system32\kernel.appcore.dll
0x00007ffb76550000 - 0x00007ffb76605000 	C:\WINDOWS\system32\shcore.dll
0x00007ffb76120000 - 0x00007ffb7616b000 	C:\WINDOWS\system32\powrprof.dll
0x00007ffb760f0000 - 0x00007ffb76104000 	C:\WINDOWS\system32\profapi.dll

VM Arguments:
jvm_args: -Djava.awt.headless=true -Xmx1024M -Dfile.encoding=windows-1252 -Duser.country=US -Duser.language=en -Duser.variant 
java_command: com.android.dx.command.Main --dex --force-jumbo --num-threads=4 --multi-dex --output C:\Users\Kunal\Documents\Development\Android\MovieMonkey\app\build\intermediates\transforms\dex\debug\folders\1000\5\slice_6 C:\Users\Kunal\Documents\Development\Android\MovieMonkey\app\build\intermediates\transforms\instantRunSlicer\debug\folders\1\5\slice_6
java_class_path (initial): C:\Users\Kunal\AppData\Local\Android\sdk\build-tools\23.0.3\lib\dx.jar
Launcher Type: SUN_STANDARD

Environment Variables:
JAVA_HOME=C:\Program Files\Java\jdk1.8.0_31
PATH=C:\Program Files\Dell\DW WLAN Card;;c:\Rtools\bin;c:\Rtools\gcc-4.6.3\bin;C:\ProgramData\Oracle\Java\javapath;C:\Program Files (x86)\Intel\iCLS Client\;C:\Program Files\Intel\iCLS Client\;C:\WINDOWS\system32;C:\WINDOWS;C:\WINDOWS\System32\Wbem;C:\WINDOWS\System32\WindowsPowerShell\v1.0\;C:\Program Files\WIDCOMM\Bluetooth Software\;C:\Program Files\WIDCOMM\Bluetooth Software\syswow64;C:\Program Files\Intel\Intel(R) Management Engine Components\DAL;C:\Program Files (x86)\Intel\Intel(R) Management Engine Components\DAL;C:\Program Files\Intel\Intel(R) Management Engine Components\IPT;C:\Program Files (x86)\Intel\Intel(R) Management Engine Components\IPT;C:\Program Files\Microsoft SQL Server\110\Tools\Binn\;C:\Program Files (x86)\Microsoft SDKs\TypeScript\1.0\;C:\Program Files\Microsoft SQL Server\120\Tools\Binn\;C:\Program Files\MATLAB\R2015a\bin;C:\Program Files\nodejs\;C:\Program Files (x86)\MySQL\MySQL Fabric 1.5.4 & MySQL Utilities 1.5.4 1.5\;C:\Program Files (x86)\MySQL\MySQL Fabric 1.5.4 & MySQL Utilities 1.5.4 1.5\Doctrine extensions for PHP\;C:\wamp\bin\php\php5.5.12;C:\ProgramData\ComposerSetup\bin;C:\Program Files (x86)\Skype\Phone\;C:\Program Files (x86)\Brackets\command;C:\Program Files (x86)\HP\Unified Functional Testing\bin;C:\Users\Kunal\AppData\Roaming\Dashlane\3.2.5.85368\bin\Firefox_Extension\{442718d9-475e-452a-b3e1-fb1ee16b8e9f}\components;C:\Users\Kunal\AppData\Roaming\npm;C:\Program Files (x86)\Google\google_appengine\;C:\Users\Kunal\AppData\Local\atom\bin
USERNAME=Kunal
OS=Windows_NT
PROCESSOR_IDENTIFIER=Intel64 Family 6 Model 61 Stepping 4, GenuineIntel



---------------  S Y S T E M  ---------------

OS: Windows 8.1 , 64 bit Build 9600 

CPU:total 4 (2 cores per cpu, 2 threads per core) family 6 model 61 stepping 4, cmov, cx8, fxsr, mmx, sse, sse2, sse3, ssse3, sse4.1, sse4.2, popcnt, avx, avx2, aes, clmul, erms, lzcnt, ht, tsc, tscinvbit, bmi1, bmi2

Memory: 4k page, physical 4096808k(296748k free), swap 12579084k(1068k free)

vm_info: Java HotSpot(TM) 64-Bit Server VM (25.31-b07) for windows-amd64 JRE (1.8.0_31-b13), built on Dec 17 2014 21:00:28 by "java_re" with MS VC++ 10.0 (VS2010)

time: Mon Jul 18 11:31:05 2016
elapsed time: 9 seconds (0d 0h 0m 9s)

