#
# There is insufficient memory for the Java Runtime Environment to continue.
# Native memory allocation (malloc) failed to allocate 104176 bytes for Chunk::new
# Possible reasons:
#   The system is out of physical RAM or swap space
#   In 32 bit mode, the process size limit was hit
# Possible solutions:
#   Reduce memory load on the system
#   Increase physical memory or swap space
#   Check if swap backing store is full
#   Use 64 bit Java on a 64 bit OS
#   Decrease Java heap size (-Xmx/-Xms)
#   Decrease number of Java threads
#   Decrease Java thread stack sizes (-Xss)
#   Set larger code cache with -XX:ReservedCodeCacheSize=
# This output file may be truncated or incomplete.
#
#  Out of Memory Error (allocation.cpp:390), pid=10324, tid=8392
#
# JRE version: Java(TM) SE Runtime Environment (8.0_31-b13) (build 1.8.0_31-b13)
# Java VM: Java HotSpot(TM) 64-Bit Server VM (25.31-b07 mixed mode windows-amd64 compressed oops)
# Failed to write core dump. Minidumps are not enabled by default on client versions of Windows
#

---------------  T H R E A D  ---------------

Current thread (0x0000000014ddd000):  JavaThread "C2 CompilerThread0" daemon [_thread_in_native, id=8392, stack(0x0000000016340000,0x0000000016440000)]

Stack: [0x0000000016340000,0x0000000016440000]
Native frames: (J=compiled Java code, j=interpreted, Vv=VM code, C=native code)
V  [jvm.dll+0x3169ba]
V  [jvm.dll+0x2674c3]
V  [jvm.dll+0x268103]
V  [jvm.dll+0x25f8f5]
V  [jvm.dll+0xbf025]
V  [jvm.dll+0xbf4cc]
V  [jvm.dll+0x45df82]
V  [jvm.dll+0x49f21f]
V  [jvm.dll+0x453401]
V  [jvm.dll+0x454124]
V  [jvm.dll+0x437c62]
V  [jvm.dll+0x988e2]
V  [jvm.dll+0x990d3]
V  [jvm.dll+0x22c194]
V  [jvm.dll+0x28576a]
C  [msvcr100.dll+0x21d9f]
C  [msvcr100.dll+0x21e3b]
C  [KERNEL32.DLL+0x18102]
C  [ntdll.dll+0x5c5b4]


Current CompileTask:
C2:  17676 1152       4       com.android.dx.ssa.SsaRenamer$BlockRenamer::addMapping (143 bytes)


---------------  P R O C E S S  ---------------

Java Threads: ( => current thread )
  0x0000000016aa3800 JavaThread "pool-2-thread-4" [_thread_blocked, id=10896, stack(0x0000000017840000,0x0000000017940000)]
  0x0000000016c13800 JavaThread "pool-2-thread-3" [_thread_blocked, id=16348, stack(0x0000000017740000,0x0000000017840000)]
  0x0000000016c12800 JavaThread "pool-2-thread-2" [_thread_blocked, id=15716, stack(0x0000000017640000,0x0000000017740000)]
  0x0000000016b25800 JavaThread "pool-3-thread-1" [_thread_blocked, id=12140, stack(0x0000000017540000,0x0000000017640000)]
  0x0000000016b24800 JavaThread "pool-2-thread-1" [_thread_blocked, id=13460, stack(0x0000000017440000,0x0000000017540000)]
  0x0000000014e34800 JavaThread "Service Thread" daemon [_thread_blocked, id=10748, stack(0x0000000016640000,0x0000000016740000)]
  0x0000000014e31000 JavaThread "C1 CompilerThread2" daemon [_thread_blocked, id=348, stack(0x0000000016540000,0x0000000016640000)]
  0x0000000014de0000 JavaThread "C2 CompilerThread1" daemon [_thread_in_native, id=10852, stack(0x0000000016440000,0x0000000016540000)]
=>0x0000000014ddd000 JavaThread "C2 CompilerThread0" daemon [_thread_in_native, id=8392, stack(0x0000000016340000,0x0000000016440000)]
  0x0000000014ddb800 JavaThread "Attach Listener" daemon [_thread_blocked, id=9936, stack(0x0000000016240000,0x0000000016340000)]
  0x0000000014dda800 JavaThread "Signal Dispatcher" daemon [_thread_blocked, id=14668, stack(0x0000000016140000,0x0000000016240000)]
  0x00000000026ff800 JavaThread "Finalizer" daemon [_thread_blocked, id=9492, stack(0x0000000016040000,0x0000000016140000)]
  0x00000000026fc000 JavaThread "Reference Handler" daemon [_thread_blocked, id=5788, stack(0x0000000015f40000,0x0000000016040000)]
  0x000000000244d800 JavaThread "main" [_thread_in_vm, id=15984, stack(0x0000000002450000,0x0000000002550000)]

Other Threads:
  0x0000000014da6000 VMThread [stack: 0x0000000015e40000,0x0000000015f40000] [id=14988]
  0x0000000014e37800 WatcherThread [stack: 0x0000000016740000,0x0000000016840000] [id=4224]

VM state:not at safepoint (normal execution)

VM Mutex/Monitor currently owned by a thread: None

Heap:
 PSYoungGen      total 18944K, used 14639K [0x00000000eab00000, 0x00000000ec000000, 0x0000000100000000)
  eden space 16384K, 73% used [0x00000000eab00000,0x00000000eb6d3c78,0x00000000ebb00000)
  from space 2560K, 98% used [0x00000000ebd80000,0x00000000ebff8018,0x00000000ec000000)
  to   space 2560K, 0% used [0x00000000ebb00000,0x00000000ebb00000,0x00000000ebd80000)
 ParOldGen       total 44032K, used 7317K [0x00000000c0000000, 0x00000000c2b00000, 0x00000000eab00000)
  object space 44032K, 16% used [0x00000000c0000000,0x00000000c0725460,0x00000000c2b00000)
 Metaspace       used 6324K, capacity 7090K, committed 7296K, reserved 1056768K
  class space    used 602K, capacity 618K, committed 640K, reserved 1048576K

Card table byte_map: [0x0000000011ad0000,0x0000000011ce0000] byte_map_base: 0x00000000114d0000

Marking Bits: (ParMarkBitMap*) 0x000000006afcd4f0
 Begin Bits: [0x0000000012240000, 0x0000000013240000)
 End Bits:   [0x0000000013240000, 0x0000000014240000)

Polling page: 0x0000000002550000

CodeCache: size=245760Kb used=5589Kb max_used=5589Kb free=240170Kb
 bounds [0x0000000002710000, 0x0000000002c90000, 0x0000000011710000]
 total_blobs=1851 nmethods=1581 adapters=182
 compilation: enabled

Compilation events (10 events):
Event: 13.420 Thread 0x0000000014e31000 1144       1       com.android.dx.cf.code.Ropper::access$700 (5 bytes)
Event: 13.421 Thread 0x0000000014ddd000 1152       4       com.android.dx.ssa.SsaRenamer$BlockRenamer::addMapping (143 bytes)
Event: 13.421 Thread 0x0000000014e31000 nmethod 1144 0x0000000002b4af10 code [0x0000000002b4b060, 0x0000000002b4b150]
Event: 13.422 Thread 0x0000000014e31000 1153       3       com.android.dx.ssa.SsaMethod::removeFromUseList (57 bytes)
Event: 13.423 Thread 0x0000000014de0000 1156       4       com.android.dx.ssa.SsaMethod::forEachInsn (36 bytes)
Event: 13.424 Thread 0x0000000014e31000 nmethod 1153 0x0000000002b4b1d0 code [0x0000000002b4b3a0, 0x0000000002b4bb48]
Event: 13.424 Thread 0x0000000014e31000 1155       3       com.android.dx.ssa.DeadCodeRemover::pruneDeadInstructions (246 bytes)
Event: 13.433 Thread 0x0000000014e31000 nmethod 1155 0x0000000002b4be90 code [0x0000000002b4c280, 0x0000000002b4ea98]
Event: 13.433 Thread 0x0000000014e31000 1154       3       com.android.dx.cf.code.LocalVariableList$Item::getType (11 bytes)
Event: 13.434 Thread 0x0000000014e31000 nmethod 1154 0x0000000002b502d0 code [0x0000000002b50440, 0x0000000002b50668]

GC Heap History (2 events):
Event: 9.858 GC heap before
{Heap before GC invocations=1 (full 0):
 PSYoungGen      total 18944K, used 16384K [0x00000000eab00000, 0x00000000ec000000, 0x0000000100000000)
  eden space 16384K, 100% used [0x00000000eab00000,0x00000000ebb00000,0x00000000ebb00000)
  from space 2560K, 0% used [0x00000000ebd80000,0x00000000ebd80000,0x00000000ec000000)
  to   space 2560K, 0% used [0x00000000ebb00000,0x00000000ebb00000,0x00000000ebd80000)
 ParOldGen       total 44032K, used 0K [0x00000000c0000000, 0x00000000c2b00000, 0x00000000eab00000)
  object space 44032K, 0% used [0x00000000c0000000,0x00000000c0000000,0x00000000c2b00000)
 Metaspace       used 5525K, capacity 6448K, committed 6528K, reserved 1056768K
  class space    used 589K, capacity 616K, committed 640K, reserved 1048576K
Event: 10.970 GC heap after
Heap after GC invocations=1 (full 0):
 PSYoungGen      total 18944K, used 2544K [0x00000000eab00000, 0x00000000ec000000, 0x0000000100000000)
  eden space 16384K, 0% used [0x00000000eab00000,0x00000000eab00000,0x00000000ebb00000)
  from space 2560K, 99% used [0x00000000ebb00000,0x00000000ebd7c030,0x00000000ebd80000)
  to   space 2560K, 0% used [0x00000000ebd80000,0x00000000ebd80000,0x00000000ec000000)
 ParOldGen       total 44032K, used 721K [0x00000000c0000000, 0x00000000c2b00000, 0x00000000eab00000)
  object space 44032K, 1% used [0x00000000c0000000,0x00000000c00b4638,0x00000000c2b00000)
 Metaspace       used 5525K, capacity 6448K, committed 6528K, reserved 1056768K
  class space    used 589K, capacity 616K, committed 640K, reserved 1048576K
}

Deoptimization events (2 events):
Event: 11.598 Thread 0x0000000016c12800 Uncommon trap: reason=class_check action=maybe_recompile pc=0x000000000296ac70 method=com.android.dx.ssa.NormalSsaInsn.accept(Lcom/android/dx/ssa/SsaInsn$Visitor;)V @ 9
Event: 12.766 Thread 0x0000000016b24800 Uncommon trap: reason=unreached action=reinterpret pc=0x0000000002a7f7dc method=com.android.dx.rop.cst.Constant.compareTo(Lcom/android/dx/rop/cst/Constant;)I @ 12

Internal exceptions (10 events):
Event: 9.482 Thread 0x0000000016aa3800 Exception <a 'java/security/PrivilegedActionException'> (0x00000000eb7d9a80) thrown at [C:\workspace\8-2-build-windows-amd64-cygwin\jdk8u31\2394\hotspot\src\share\vm\prims\jvm.cpp, line 1312]
Event: 9.487 Thread 0x0000000016c12800 Exception <a 'java/security/PrivilegedActionException'> (0x00000000eb8700d0) thrown at [C:\workspace\8-2-build-windows-amd64-cygwin\jdk8u31\2394\hotspot\src\share\vm\prims\jvm.cpp, line 1312]
Event: 9.488 Thread 0x0000000016c12800 Exception <a 'java/security/PrivilegedActionException'> (0x00000000eb876308) thrown at [C:\workspace\8-2-build-windows-amd64-cygwin\jdk8u31\2394\hotspot\src\share\vm\prims\jvm.cpp, line 1312]
Event: 9.490 Thread 0x0000000016c13800 Exception <a 'java/security/PrivilegedActionException'> (0x00000000eb9ed228) thrown at [C:\workspace\8-2-build-windows-amd64-cygwin\jdk8u31\2394\hotspot\src\share\vm\prims\jvm.cpp, line 1312]
Event: 9.510 Thread 0x0000000016aa3800 Exception <a 'java/security/PrivilegedActionException'> (0x00000000eb7f0f60) thrown at [C:\workspace\8-2-build-windows-amd64-cygwin\jdk8u31\2394\hotspot\src\share\vm\prims\jvm.cpp, line 1312]
Event: 9.513 Thread 0x0000000016aa3800 Exception <a 'java/security/PrivilegedActionException'> (0x00000000eba44848) thrown at [C:\workspace\8-2-build-windows-amd64-cygwin\jdk8u31\2394\hotspot\src\share\vm\prims\jvm.cpp, line 1312]
Event: 9.513 Thread 0x0000000016b24800 Exception <a 'java/security/PrivilegedActionException'> (0x00000000eb92bd58) thrown at [C:\workspace\8-2-build-windows-amd64-cygwin\jdk8u31\2394\hotspot\src\share\vm\prims\jvm.cpp, line 1312]
Event: 11.365 Thread 0x0000000016c12800 Exception <a 'java/security/PrivilegedActionException'> (0x00000000eab57568) thrown at [C:\workspace\8-2-build-windows-amd64-cygwin\jdk8u31\2394\hotspot\src\share\vm\prims\jvm.cpp, line 1312]
Event: 11.745 Thread 0x000000000244d800 Exception <a 'java/security/PrivilegedActionException'> (0x00000000eab28200) thrown at [C:\workspace\8-2-build-windows-amd64-cygwin\jdk8u31\2394\hotspot\src\share\vm\prims\jvm.cpp, line 1312]
Event: 11.757 Thread 0x0000000016c13800 Exception <a 'java/security/PrivilegedActionException'> (0x00000000eae2a3e0) thrown at [C:\workspace\8-2-build-windows-amd64-cygwin\jdk8u31\2394\hotspot\src\share\vm\prims\jvm.cpp, line 1312]

Events (10 events):
Event: 11.598 Thread 0x0000000016c12800 DEOPT UNPACKING pc=0x000000000275556a sp=0x000000001773eaa0 mode 2
Event: 11.745 loading class com/android/dx/cf/attrib/AttLocalVariableTypeTable
Event: 11.745 loading class com/android/dx/cf/attrib/AttLocalVariableTypeTable done
Event: 11.757 loading class com/android/dx/dex/file/MethodAnnotationStruct
Event: 11.757 loading class com/android/dx/dex/file/MethodAnnotationStruct done
Event: 12.743 loading class java/util/DualPivotQuicksort
Event: 12.744 loading class java/util/DualPivotQuicksort done
Event: 12.766 Thread 0x0000000016b24800 Uncommon trap: trap_request=0xffffffad fr.pc=0x0000000002a7f7dc
Event: 12.766 Thread 0x0000000016b24800 DEOPT PACKING pc=0x0000000002a7f7dc sp=0x000000001753eab0
Event: 12.766 Thread 0x0000000016b24800 DEOPT UNPACKING pc=0x000000000275556a sp=0x000000001753ea50 mode 2


Dynamic libraries:
0x00007ff612f30000 - 0x00007ff612f64000 	C:\Program Files\Java\jdk1.8.0_31\bin\java.exe
0x00007ffb79ac0000 - 0x00007ffb79c81000 	C:\WINDOWS\SYSTEM32\ntdll.dll
0x00007ffb795c0000 - 0x00007ffb7966d000 	C:\WINDOWS\system32\KERNEL32.DLL
0x00007ffb76190000 - 0x00007ffb76378000 	C:\WINDOWS\system32\KERNELBASE.dll
0x00007ffb78c30000 - 0x00007ffb78cd7000 	C:\WINDOWS\system32\ADVAPI32.dll
0x00007ffb773a0000 - 0x00007ffb7743d000 	C:\WINDOWS\system32\msvcrt.dll
0x00007ffb79150000 - 0x00007ffb791ab000 	C:\WINDOWS\system32\sechost.dll
0x00007ffb771d0000 - 0x00007ffb772ec000 	C:\WINDOWS\system32\RPCRT4.dll
0x00007ffb78ff0000 - 0x00007ffb79146000 	C:\WINDOWS\system32\USER32.dll
0x00007ffb77040000 - 0x00007ffb771c6000 	C:\WINDOWS\system32\GDI32.dll
0x00007ffb69860000 - 0x00007ffb69ad4000 	C:\WINDOWS\WinSxS\amd64_microsoft.windows.common-controls_6595b64144ccf1df_6.0.10586.0_none_8c15ae12515e1c22\COMCTL32.dll
0x00007ffb789a0000 - 0x00007ffb78c1d000 	C:\WINDOWS\system32\combase.dll
0x00007ffb76750000 - 0x00007ffb767ba000 	C:\WINDOWS\system32\bcryptPrimitives.dll
0x00007ffb76ec0000 - 0x00007ffb76efb000 	C:\WINDOWS\system32\IMM32.DLL
0x000000006a020000 - 0x000000006a0f2000 	C:\Program Files\Java\jdk1.8.0_31\jre\bin\msvcr100.dll
0x000000006a7f0000 - 0x000000006b04a000 	C:\Program Files\Java\jdk1.8.0_31\jre\bin\server\jvm.dll
0x00007ffb78c20000 - 0x00007ffb78c28000 	C:\WINDOWS\system32\PSAPI.DLL
0x00007ffb71b60000 - 0x00007ffb71b69000 	C:\WINDOWS\SYSTEM32\WSOCK32.dll
0x00007ffb79550000 - 0x00007ffb795bb000 	C:\WINDOWS\system32\WS2_32.dll
0x00007ffb73ea0000 - 0x00007ffb73ec3000 	C:\WINDOWS\SYSTEM32\WINMM.dll
0x00007ffb73e40000 - 0x00007ffb73e6c000 	C:\WINDOWS\SYSTEM32\WINMMBASE.dll
0x00007ffb767c0000 - 0x00007ffb76803000 	C:\WINDOWS\system32\cfgmgr32.dll
0x000000006a7e0000 - 0x000000006a7ef000 	C:\Program Files\Java\jdk1.8.0_31\jre\bin\verify.dll
0x000000006a7b0000 - 0x000000006a7d8000 	C:\Program Files\Java\jdk1.8.0_31\jre\bin\java.dll
0x000000006a790000 - 0x000000006a7a6000 	C:\Program Files\Java\jdk1.8.0_31\jre\bin\zip.dll
0x00007ffb77440000 - 0x00007ffb7899c000 	C:\WINDOWS\system32\SHELL32.dll
0x00007ffb76870000 - 0x00007ffb76eb4000 	C:\WINDOWS\system32\windows.storage.dll
0x00007ffb791b0000 - 0x00007ffb79202000 	C:\WINDOWS\system32\shlwapi.dll
0x00007ffb76110000 - 0x00007ffb7611f000 	C:\WINDOWS\system32\kernel.appcore.dll
0x00007ffb76550000 - 0x00007ffb76605000 	C:\WINDOWS\system32\shcore.dll
0x00007ffb76120000 - 0x00007ffb7616b000 	C:\WINDOWS\system32\powrprof.dll
0x00007ffb760f0000 - 0x00007ffb76104000 	C:\WINDOWS\system32\profapi.dll
0x000000006a770000 - 0x000000006a78a000 	C:\Program Files\Java\jdk1.8.0_31\jre\bin\net.dll
0x00007ffb756a0000 - 0x00007ffb756fc000 	C:\WINDOWS\system32\mswsock.dll
0x00007ffb71b20000 - 0x00007ffb71b58000 	C:\WINDOWS\SYSTEM32\IPHLPAPI.DLL
0x00007ffb79430000 - 0x00007ffb79438000 	C:\WINDOWS\system32\NSI.dll
0x00007ffb6ae90000 - 0x00007ffb6aea6000 	C:\WINDOWS\SYSTEM32\dhcpcsvc6.DLL
0x00007ffb6ae70000 - 0x00007ffb6ae8a000 	C:\WINDOWS\SYSTEM32\dhcpcsvc.DLL
0x00007ffb51c30000 - 0x00007ffb51dbc000 	C:\WINDOWS\SYSTEM32\dbghelp.dll

VM Arguments:
jvm_args: -Djava.awt.headless=true -Xmx1024M -Dfile.encoding=windows-1252 -Duser.country=US -Duser.language=en -Duser.variant 
java_command: com.android.dx.command.Main --dex --force-jumbo --num-threads=4 --multi-dex --output C:\Users\Kunal\Documents\Development\Android\MovieMonkey\app\build\intermediates\transforms\dex\debug\folders\1000\10\internal_impl-23.3.0_06f5bfcf04a2af73f4e66491fa4af39b4e924527 C:\Users\Kunal\Documents\Development\Android\MovieMonkey\app\build\intermediates\exploded-aar\com.android.support\support-v4\23.3.0\jars\libs\internal_impl-23.3.0.jar
java_class_path (initial): C:\Users\Kunal\AppData\Local\Android\sdk\build-tools\23.0.3\lib\dx.jar
Launcher Type: SUN_STANDARD

Environment Variables:
JAVA_HOME=C:\Program Files\Java\jdk1.8.0_31
PATH=C:\Program Files\Dell\DW WLAN Card;;c:\Rtools\bin;c:\Rtools\gcc-4.6.3\bin;C:\ProgramData\Oracle\Java\javapath;C:\Program Files (x86)\Intel\iCLS Client\;C:\Program Files\Intel\iCLS Client\;C:\WINDOWS\system32;C:\WINDOWS;C:\WINDOWS\System32\Wbem;C:\WINDOWS\System32\WindowsPowerShell\v1.0\;C:\Program Files\WIDCOMM\Bluetooth Software\;C:\Program Files\WIDCOMM\Bluetooth Software\syswow64;C:\Program Files\Intel\Intel(R) Management Engine Components\DAL;C:\Program Files (x86)\Intel\Intel(R) Management Engine Components\DAL;C:\Program Files\Intel\Intel(R) Management Engine Components\IPT;C:\Program Files (x86)\Intel\Intel(R) Management Engine Components\IPT;C:\Program Files\Microsoft SQL Server\110\Tools\Binn\;C:\Program Files (x86)\Microsoft SDKs\TypeScript\1.0\;C:\Program Files\Microsoft SQL Server\120\Tools\Binn\;C:\Program Files\MATLAB\R2015a\bin;C:\Program Files\nodejs\;C:\Program Files (x86)\MySQL\MySQL Fabric 1.5.4 & MySQL Utilities 1.5.4 1.5\;C:\Program Files (x86)\MySQL\MySQL Fabric 1.5.4 & MySQL Utilities 1.5.4 1.5\Doctrine extensions for PHP\;C:\wamp\bin\php\php5.5.12;C:\ProgramData\ComposerSetup\bin;C:\Program Files (x86)\Skype\Phone\;C:\Program Files (x86)\Brackets\command;C:\Program Files (x86)\HP\Unified Functional Testing\bin;C:\Users\Kunal\AppData\Roaming\Dashlane\3.2.5.85368\bin\Firefox_Extension\{442718d9-475e-452a-b3e1-fb1ee16b8e9f}\components;C:\Users\Kunal\AppData\Roaming\npm;C:\Program Files (x86)\Google\google_appengine\;C:\Users\Kunal\AppData\Local\atom\bin
USERNAME=Kunal
OS=Windows_NT
PROCESSOR_IDENTIFIER=Intel64 Family 6 Model 61 Stepping 4, GenuineIntel



---------------  S Y S T E M  ---------------

OS: Windows 8.1 , 64 bit Build 9600 

CPU:total 4 (2 cores per cpu, 2 threads per core) family 6 model 61 stepping 4, cmov, cx8, fxsr, mmx, sse, sse2, sse3, ssse3, sse4.1, sse4.2, popcnt, avx, avx2, aes, clmul, erms, lzcnt, ht, tsc, tscinvbit, bmi1, bmi2

Memory: 4k page, physical 4096808k(245508k free), swap 12579084k(0k free)

vm_info: Java HotSpot(TM) 64-Bit Server VM (25.31-b07) for windows-amd64 JRE (1.8.0_31-b13), built on Dec 17 2014 21:00:28 by "java_re" with MS VC++ 10.0 (VS2010)

time: Mon Jul 18 11:30:25 2016
elapsed time: 17 seconds (0d 0h 0m 17s)

